C51 COMPILER V9.00   12864                                                                 01/29/2015 20:14:19 PAGE 1   


C51 COMPILER V9.00, COMPILATION OF MODULE 12864
OBJECT MODULE PLACED IN 12864.OBJ
COMPILER INVOKED BY: C:\Keil\C51\BIN\C51.EXE 12864.c BROWSE DEBUG OBJECTEXTEND TABS(2)

line level    source

   1          #include<reg52.h>
   2          #include"12864.h"
   3          
   4          
   5          #define uchar unsigned char
   6          #define uint unsigned int
   7          sbit SID = P2^1;
   8          sbit SCLK = P2^0;
   9          
  10          void Delay_ms(uint xms)
  11          {
  12   1        uint i, j;
  13   1        for(j=xms;j>0;j--)
  14   1          for(i=110;i>0;i--);
  15   1      }
  16          /*********************************************************
  17          函数名:Send_Byte()
  18          返回值：无
  19          功  能: 写数据到LCD
  20          *********************************************************/
  21          void SendByte_LCD(uchar date)
  22          {
  23   1        uchar i;
  24   1        SCLK = 0;
  25   1        //CS = 1;
  26   1        for(i=0;i<8;i++)
  27   1        {
  28   2          SID = (bit)(date & 0x80);
  29   2          SCLK = 1;
  30   2          Delay_ms(5);
  31   2          SCLK = 0;
  32   2          date = date << 1;
  33   2        }
  34   1        //CS = 0;
  35   1      }
  36          /*********************************************************
  37          函数名: SendCMD_LCD(uchar dat)
  38          返回值：无
  39          功  能: 写命令到LCD
  40          *********************************************************/
  41          void SendCMD_LCD(uchar dat)
  42          { 
  43   1        SendByte_LCD( 0xf8);     // 1 1 1 1 1 0 0 0  
  44   1        SendByte_LCD( dat & 0xf0 ); 
  45   1        SendByte_LCD((dat << 4 ) & 0xf0); 
  46   1      }
  47          /*********************************************************
  48          函数名: SendDAT_LCD()
  49          返回值：无
  50          功  能: 写显示内容到LCD
  51          *********************************************************/
  52          void SendDAT_LCD(uchar dat)
  53          { 
  54   1        SendByte_LCD( 0xfa);     // 1 1 1 1 1 0 1 0 
  55   1        SendByte_LCD( dat & 0xf0 ); 
C51 COMPILER V9.00   12864                                                                 01/29/2015 20:14:19 PAGE 2   

  56   1        SendByte_LCD((dat << 4 ) & 0xf0); 
  57   1      } 
  58          /*********************************************************
  59          函数名:Display_LCD_String()
  60          返回值：无
  61          功  能:显示字符串
  62          *********************************************************/
  63          void DisplayC_LCD( uchar x, uchar * date,  uchar y)   
  64          { 
  65   1        uchar addr; 
  66   1        switch(x)
  67   1        {
  68   2            case 0: addr=0x80;break;
  69   2            case 1: addr=0x90;break;
  70   2            case 2: addr=0x88;break;
  71   2            case 3: addr=0x98;break;
  72   2        }
  73   1        SendCMD_LCD( addr + y ); 
  74   1        while(*date != '\0')
  75   1        {
  76   2          SendDAT_LCD(*date++);
  77   2        }
  78   1      } 
  79          /*******************************
  80                        清屏
  81          ********************************/
  82          void ClrScreen()
  83          {
  84   1        SendCMD_LCD(0x01);
  85   1      }
  86          
  87          /*********************************************************
  88          函数名: LCD_Clear_Txt
  89          返回值：无
  90          功  能: 文本区清除
  91          *********************************************************/
  92          
  93          void LCD_Clear_TXT( void )
  94          {
  95   1           uchar i;
  96   1           SendCMD_LCD(0x30);      //8BitMCU,基本指令集合
  97   1           SendCMD_LCD(0x80);      //AC归起始位
  98   1           for(i=0;i<64;i++)
  99   1          {
 100   2             SendCMD_LCD(0x20);
 101   2          }
 102   1      }
 103          
 104          /******************************
 105          初始化 LCD函数
 106          ********************************/
 107          
 108          void LCD_Init()
 109          {
 110   1        //PSB = 0;  //串并选择
 111   1        Delay_ms(100);
 112   1        SendCMD_LCD(0x30);//发送 或接受 数据为8BIT 
 113   1        SendCMD_LCD(0x02);
 114   1        SendCMD_LCD(0x06);//显示打开，光标开，反白关
 115   1        SendCMD_LCD(0x0c);
 116   1        SendCMD_LCD(0x01); //清0
 117   1        SendCMD_LCD(0x80);
C51 COMPILER V9.00   12864                                                                 01/29/2015 20:14:19 PAGE 3   

 118   1        //SendCMD_LCD(0x34);  // 扩充指令
 119   1         //SendCMD_LCD(0x36); // 打开绘图指令
 120   1        
 121   1      }
 122          


MODULE INFORMATION:   STATIC OVERLAYABLE
   CODE SIZE        =    244    ----
   CONSTANT SIZE    =   ----    ----
   XDATA SIZE       =   ----    ----
   PDATA SIZE       =   ----    ----
   DATA SIZE        =   ----       7
   IDATA SIZE       =   ----    ----
   BIT SIZE         =   ----    ----
END OF MODULE INFORMATION.


C51 COMPILATION COMPLETE.  0 WARNING(S),  0 ERROR(S)
