C51 COMPILER V9.00   HWGY                                                                  01/25/2015 11:20:56 PAGE 1   


C51 COMPILER V9.00, COMPILATION OF MODULE HWGY
OBJECT MODULE PLACED IN hwgy.OBJ
COMPILER INVOKED BY: C:\Keil\C51\BIN\C51.EXE hwgy.c BROWSE DEBUG OBJECTEXTEND TABS(2)

line level    source

   1          #include<reg52.h>
   2          #include"12864.h"
   3          
   4          sbit led = P3^5;
   5          sbit hongwai = P3^6;
   6          
   7          uchar flag;
   8          
   9          uchar hwgy()
  10          {
  11   1          hongwai = 1;
  12   1         
  13   1          while(1)
  14   1           {            
  15   2               if(hongwai ==1)//检测到高电平的话，延时一下
  16   2               {
  17   3                   Delay_ms(20);
  18   3                   if(hongwai == 1)//再次检测一下
  19   3                   {
  20   4                       led = 0;
  21   4               flag = 1;
  22   4               return flag;
  23   4               break;
  24   4                   }
  25   3              }
  26   2              else
  27   2              {
  28   3          led = 1;
  29   3          flag = 0;
  30   3          return flag;
  31   3          }
  32   2              
  33   2         }
  34   1      
  35   1      }


MODULE INFORMATION:   STATIC OVERLAYABLE
   CODE SIZE        =     31    ----
   CONSTANT SIZE    =   ----    ----
   XDATA SIZE       =   ----    ----
   PDATA SIZE       =   ----    ----
   DATA SIZE        =      1    ----
   IDATA SIZE       =   ----    ----
   BIT SIZE         =   ----    ----
END OF MODULE INFORMATION.


C51 COMPILATION COMPLETE.  0 WARNING(S),  0 ERROR(S)
