C51 COMPILER V9.00   MIAN                                                                  01/30/2015 11:09:39 PAGE 1   


C51 COMPILER V9.00, COMPILATION OF MODULE MIAN
OBJECT MODULE PLACED IN mian.OBJ
COMPILER INVOKED BY: C:\Keil\C51\BIN\C51.EXE mian.c BROWSE DEBUG OBJECTEXTEND TABS(2)

line level    source

   1          #include<reg52.h>
   2          #include"mian.h"
   3          #include"rc522.h"
   4          
   5          #define uchar unsigned char
   6          #define uint unsigned int
   7          
   8          volatile unsigned char sending;
   9          sbit s2=P3^4;
  10          
  11          void Delay_ms(uint xms)
  12          {
  13   1        uint i, j;
  14   1        for(j=xms;j>0;j--)
  15   1          for(i=110;i>0;i--);
  16   1      }
  17          void Init_Usart1()
  18          {
  19   1          TMOD=0X20;
  20   1          TH1=0Xfd;
  21   1          TL1=0XFD;    
  22   1          TR1=1;
  23   1          SM0=0;
  24   1          SM1=1;
  25   1          REN=1;
  26   1          ES=1;
  27   1          EA=1;
  28   1      }
  29          void send(unsigned char d)      //发送一个字节的数据，形参d即为待发送数据。
  30          {
  31   1       
  32   1       SBUF=d; //将数据写入到串口缓冲
  33   1       sending=1;  //设置发送标志
  34   1       while(sending); //等待发送完毕
  35   1      }
  36          
  37          void Sends(unsigned char * pd)
  38          {
  39   1       while((*pd)!='\0') //发送字符串，直到遇到0才结束
  40   1       {
  41   2        send(*pd); //发送一个字符
  42   2        pd++;  //移动到下一个字符
  43   2       }
  44   1      }
  45          //卡号为0扇区0块内容的前四字节为卡号，且此块内容不能改写
  46          uchar  status;
  47          uchar g_ucTempbuf[20];
  48          char ID[10] = "xx";
  49          unsigned char hextoasc(unsigned char i, j)
  50          {
  51   1        if(i<0x09)
  52   1        {
  53   2          i=i+'0';
  54   2          ID[j] = i;
  55   2          return i;
C51 COMPILER V9.00   MIAN                                                                  01/30/2015 11:09:39 PAGE 2   

  56   2        }
  57   1        else
  58   1        {
  59   2          
  60   2          i=i+0x37;
  61   2          ID[j] = i;
  62   2          return i;
  63   2        }
  64   1      }
  65          void main()
  66          {
  67   1          uint i;
  68   1          uchar flagren,flagzhenque;
  69   1          PcdReset();//rc522初始化
  70   1          PcdAntennaOff(); //关闭和打开天线
  71   1          PcdAntennaOn();
  72   1          M500PcdConfigISOType('A');//设定工作模式
  73   1          Init_Usart1();
  74   1        //防冲突，这里需要一个循环，让读卡器不断去读卡
  75   1          while(1)
  76   1          {
  77   2              status = PcdRequest(PICC_REQALL, g_ucTempbuf);
  78   2                //PICC_REQALL他是个宏定义 意思是寻找天线内的所有卡片，
  79   2                // g_ucTempbuf 是个数组，在这里函数读取卡内的前两位放在数组中
  80   2                if(status != MI_OK)//没有找到卡，继续执行PcdRequest()
  81   2                {
  82   3                    continue;
  83   3                } 
  84   2                status = PcdAnticoll(g_ucTempbuf);//防冲突
  85   2                //卡片序列号，4字节,这里的status可以判PcdAnticoll的执行情况
  86   2                //如果执行成功，表示g_ucTempbuf上面已经记在唯一的卡号了
  87   2              //在这里g_ucTempbuf已经用了2+4个
  88   2                if(status != MI_OK)//没有找到卡，继续执行PcdRequest()
  89   2               {
  90   3                  continue;
  91   3               }
  92   2              if(status == MI_OK)
  93   2              {
  94   3                  LED_GREEN =0;
  95   3                //DisplayC_LCD(0, (char *)g_ucTempbuf, 1); 
  96   3                for(i=0;i<2;i++)//在12864上显示卡号
  97   3                {
  98   4                   hextoasc((g_ucTempbuf[i]&0xf0)>>4,i);
  99   4                }
 100   3                ID[2] = '.';
 101   3                ID[3] = '\0';
 102   3                Sends(ID);
 103   3                P2 &= ~(0x08);
 104   3                Delay_ms(300);
 105   3                P2 |= 0x08;
 106   3              }
 107   2            }
 108   1          }
*** WARNING C280 IN LINE 68 OF MIAN.C: 'flagren': unreferenced local variable
*** WARNING C280 IN LINE 68 OF MIAN.C: 'flagzhenque': unreferenced local variable
 109          void DelayMs(unsigned int _MS)
 110          {
 111   1          TH1 = (unsigned char)(RCAP2_1ms>>8);
 112   1          TL1 = (unsigned char)(RCAP2_1ms);
 113   1      
 114   1          ET1     = 0;                                     // Disable timer2 interrupt
 115   1          TR1     = 1;
C51 COMPILER V9.00   MIAN                                                                  01/30/2015 11:09:39 PAGE 3   

 116   1          while (_MS--)
 117   1          {  
 118   2              while (!TF1);
 119   2              TF1 = 0;
 120   2              TH1 = (unsigned char)(RCAP2_1ms>>8);
 121   2              TL1 = (unsigned char)(RCAP2_1ms);
 122   2         }
 123   1          TR1 = 0;
 124   1      }
 125          
 126          void uart(void) interrupt 4    //串口发送中断
 127          {
 128   1       if(RI)    //收到数据
 129   1       {
 130   2        RI=0;   //清中断请求
 131   2       }
 132   1       else      //发送完一字节数据
 133   1       {
 134   2        TI=0;
 135   2        sending=0;  //清正在发送标志
 136   2       }
 137   1      }


MODULE INFORMATION:   STATIC OVERLAYABLE
   CODE SIZE        =    265    ----
   CONSTANT SIZE    =   ----    ----
   XDATA SIZE       =   ----    ----
   PDATA SIZE       =   ----    ----
   DATA SIZE        =     32       2
   IDATA SIZE       =   ----    ----
   BIT SIZE         =   ----    ----
END OF MODULE INFORMATION.


C51 COMPILATION COMPLETE.  2 WARNING(S),  0 ERROR(S)
