C51 COMPILER V9.00   STEP                                                                  01/25/2015 11:20:47 PAGE 1   


C51 COMPILER V9.00, COMPILATION OF MODULE STEP
OBJECT MODULE PLACED IN step.OBJ
COMPILER INVOKED BY: C:\Keil\C51\BIN\C51.EXE step.c BROWSE DEBUG OBJECTEXTEND TABS(2)

line level    source

   1          #include<reg52.h>
   2          #define Step 500
   3          void step()
   4          {
   5   1          unsigned int i;
   6   1          P1 = 0x01;//0000 0001
   7   1          for(i = 0;i<Step;i++);
   8   1          P1 = 0x02;//0000 0010
   9   1          for(i = 0;i<Step;i++);
  10   1          P1 = 0x04;//0000 0100
  11   1          for(i = 0;i<Step;i++);
  12   1          P1 = 0x08;//0000 1000
  13   1          for(i = 0;i<Step;i++);
  14   1           
  15   1      }


MODULE INFORMATION:   STATIC OVERLAYABLE
   CODE SIZE        =     69    ----
   CONSTANT SIZE    =   ----    ----
   XDATA SIZE       =   ----    ----
   PDATA SIZE       =   ----    ----
   DATA SIZE        =   ----    ----
   IDATA SIZE       =   ----    ----
   BIT SIZE         =   ----    ----
END OF MODULE INFORMATION.


C51 COMPILATION COMPLETE.  0 WARNING(S),  0 ERROR(S)
